<?xml version="1.0" encoding="utf-8" standalone="no"?>
<!--This file represents the results of running a test suite-->
<test-results name="C:\Users\Valery_Kapatsevich@epam.com\Documents\GitHub\TALab\TALabSpaghettiTests\TALabSpaghettiTestsKapatsevichTests\bin\Debug\TALabSpaghettiTestsKapatsevichTests.dll" total="1" errors="0" failures="1" not-run="0" inconclusive="0" ignored="0" skipped="0" invalid="0" date="2016-05-27" time="16:18:03">
  <environment nunit-version="2.6.4.14350" clr-version="2.0.50727.5485" os-version="Microsoft Windows NT 6.1.7601 Service Pack 1" platform="Win32NT" cwd="C:\Program Files (x86)\NUnit 2.6.4\bin" machine-name="EPBYMINW2457" user="Valery_Kapatsevich" user-domain="MINSK" />
  <culture-info current-culture="en-US" current-uiculture="en-US" />
  <test-suite type="Assembly" name="C:\Users\Valery_Kapatsevich@epam.com\Documents\GitHub\TALab\TALabSpaghettiTests\TALabSpaghettiTestsKapatsevichTests\bin\Debug\TALabSpaghettiTestsKapatsevichTests.dll" executed="True" result="Failure" success="False" time="55.420" asserts="0">
    <results>
      <test-suite type="Namespace" name="TALabSpaghettiTestsKapatsevichTests" executed="True" result="Failure" success="False" time="55.410" asserts="0">
        <results>
          <test-suite type="TestFixture" name="GmailTests" executed="True" result="Failure" success="False" time="55.409" asserts="0">
            <results>
              <test-case name="TALabSpaghettiTestsKapatsevichTests.GmailTests.NewFeatureTesting" executed="True" result="Failure" success="False" time="47.117" asserts="3">
                <failure>
                  <message><![CDATA[Test failed because one or more assertions failed: 
1)	IsMessageFromUserInInbox(userOne)
	  Expected: True
	  But was:  False
   at NUnit.Framework.Assert.That(Object actual, IResolveConstraint expression, String message, Object[] args)
   at TALabSpaghettiTestsKapatsevichTests.GmailTests.<NewFeatureTesting>b__12_1() in C:\Users\Valery_Kapatsevich@epam.com\Documents\GitHub\TALab\TALabSpaghettiTests\TALabSpaghettiTestsKapatsevichTests\GmailTests.cs:line 176
   at TALabSpaghettiTestsKapatsevichTests.TestExtentions.GroupAssert.Add(Action assertion) in C:\Users\Valery_Kapatsevich@epam.com\Documents\GitHub\TALab\TALabSpaghettiTests\TALabSpaghettiTestsKapatsevichTests\TestExtentions\GroupAssert.cs:line 34


2)	IsMessageFromUserIsImportant(userOne)
	  Expected: False
	  But was:  True
   at NUnit.Framework.Assert.That(Object actual, IResolveConstraint expression, String message, Object[] args)
   at TALabSpaghettiTestsKapatsevichTests.GmailTests.<NewFeatureTesting>b__12_2() in C:\Users\Valery_Kapatsevich@epam.com\Documents\GitHub\TALab\TALabSpaghettiTests\TALabSpaghettiTestsKapatsevichTests\GmailTests.cs:line 178
   at TALabSpaghettiTestsKapatsevichTests.TestExtentions.GroupAssert.Add(Action assertion) in C:\Users\Valery_Kapatsevich@epam.com\Documents\GitHub\TALab\TALabSpaghettiTests\TALabSpaghettiTestsKapatsevichTests\TestExtentions\GroupAssert.cs:line 34

]]></message>
                  <stack-trace><![CDATA[at TALabSpaghettiTestsKapatsevichTests.TestExtentions.GroupAssert.Verify() in C:\Users\Valery_Kapatsevich@epam.com\Documents\GitHub\TALab\TALabSpaghettiTests\TALabSpaghettiTestsKapatsevichTests\TestExtentions\GroupAssert.cs:line 68
at TALabSpaghettiTestsKapatsevichTests.GmailTests.NewFeatureTesting() in C:\Users\Valery_Kapatsevich@epam.com\Documents\GitHub\TALab\TALabSpaghettiTests\TALabSpaghettiTestsKapatsevichTests\GmailTests.cs:line 181
]]></stack-trace>
                </failure>
              </test-case>
            </results>
          </test-suite>
        </results>
      </test-suite>
    </results>
  </test-suite>
</test-results>